0 info it worked if it ends with ok
1 verbose cli [ 'C:\\Program Files\\nodejs\\node.exe',
1 verbose cli   'C:\\Program Files\\nodejs\\node_modules\\npm\\bin\\npm-cli.js',
1 verbose cli   'start' ]
2 info using npm@3.10.10
3 info using node@v6.10.0
4 verbose run-script [ 'prestart', 'start', 'poststart' ]
5 info lifecycle visitbook@1.0.0~prestart: visitbook@1.0.0
6 silly lifecycle visitbook@1.0.0~prestart: no script for prestart, continuing
7 info lifecycle visitbook@1.0.0~start: visitbook@1.0.0
8 verbose lifecycle visitbook@1.0.0~start: unsafe-perm in lifecycle true
9 verbose lifecycle visitbook@1.0.0~start: PATH: C:\Program Files\nodejs\node_modules\npm\bin\node-gyp-bin;D:\LectureExample\GeneralNodeJSCourse\ThirdWeek\visitbook\node_modules\.bin;C:\oraclexe\app\oracle\product\11.2.0\server\bin;C:\oraclexe\app\oracle\product\11.2.0\server\bin;C:\Program Files\NVIDIA GPU Computing Toolkit\CUDA\v8.0\bin;C:\Program Files\NVIDIA GPU Computing Toolkit\CUDA\v8.0\libnvvp;C:\ProgramData\Oracle\Java\javapath;C:\Program Files (x86)\Intel\iCLS Client\;C:\Program Files\Intel\iCLS Client\;C:\Windows\system32;C:\Windows;C:\Windows\System32\Wbem;C:\Windows\System32\WindowsPowerShell\v1.0\;C:\Program Files (x86)\NVIDIA Corporation\PhysX\Common;C:\Program Files (x86)\Intel\Intel(R) Management Engine Components\DAL;C:\Program Files\Intel\Intel(R) Management Engine Components\DAL;C:\Program Files (x86)\Intel\Intel(R) Management Engine Components\IPT;C:\Program Files\Intel\Intel(R) Management Engine Components\IPT;C:\WINDOWS\system32;C:\WINDOWS;C:\WINDOWS\System32\Wbem;C:\WINDOWS\System32\WindowsPowerShell\v1.0\;C:\Program Files\Java\jdk1.8.0_111\bin;C:\Program Files\Anaconda3;C:\Program Files\Anaconda3\Scripts;C:\Program Files\Anaconda3\Library\bin;D:\DevelopementTool\apache-maven-3.3.9\bin;C:\MinGW\bin;C:\Program Files\MySQL\MySQL Utilities 1.6\;C:\Program Files\MySQL\MySQL Server 5.7\bin;C:\Program Files\Git\cmd;C:\Program Files (x86)\Brackets\command;D:\DevelopementTool\apache-tomcat-8.5.11\bin;C:\Program Files\nodejs\;C:\Program Files\PuTTY\;C:\Users\flynn\AppData\Local\Microsoft\WindowsApps;C:\Program Files\Bandizip\7z;C:\Users\flynn\AppData\Local\atom\bin;C:\Users\flynn\AppData\Roaming\npm
10 verbose lifecycle visitbook@1.0.0~start: CWD: D:\LectureExample\GeneralNodeJSCourse\ThirdWeek\visitbook
11 silly lifecycle visitbook@1.0.0~start: Args: [ '/d /s /c', 'supervisor app.js' ]
12 silly lifecycle visitbook@1.0.0~start: Returned: code: 3221225786  signal: null
13 info lifecycle visitbook@1.0.0~start: Failed to exec start script
14 verbose stack Error: visitbook@1.0.0 start: `supervisor app.js`
14 verbose stack Exit status 3221225786
14 verbose stack     at EventEmitter.<anonymous> (C:\Program Files\nodejs\node_modules\npm\lib\utils\lifecycle.js:255:16)
14 verbose stack     at emitTwo (events.js:106:13)
14 verbose stack     at EventEmitter.emit (events.js:191:7)
14 verbose stack     at ChildProcess.<anonymous> (C:\Program Files\nodejs\node_modules\npm\lib\utils\spawn.js:40:14)
14 verbose stack     at emitTwo (events.js:106:13)
14 verbose stack     at ChildProcess.emit (events.js:191:7)
14 verbose stack     at maybeClose (internal/child_process.js:877:16)
14 verbose stack     at Process.ChildProcess._handle.onexit (internal/child_process.js:226:5)
15 verbose pkgid visitbook@1.0.0
16 verbose cwd D:\LectureExample\GeneralNodeJSCourse\ThirdWeek\visitbook
17 error Windows_NT 10.0.14393
18 error argv "C:\\Program Files\\nodejs\\node.exe" "C:\\Program Files\\nodejs\\node_modules\\npm\\bin\\npm-cli.js" "start"
19 error node v6.10.0
20 error npm  v3.10.10
21 error code ELIFECYCLE
22 error visitbook@1.0.0 start: `supervisor app.js`
22 error Exit status 3221225786
23 error Failed at the visitbook@1.0.0 start script 'supervisor app.js'.
23 error Make sure you have the latest version of node.js and npm installed.
23 error If you do, this is most likely a problem with the visitbook package,
23 error not with npm itself.
23 error Tell the author that this fails on your system:
23 error     supervisor app.js
23 error You can get information on how to open an issue for this project with:
23 error     npm bugs visitbook
23 error Or if that isn't available, you can get their info via:
23 error     npm owner ls visitbook
23 error There is likely additional logging output above.
24 verbose exit [ 1, true ]
