0 info it worked if it ends with ok
1 verbose cli [ '/usr/local/bin/node',
1 verbose cli   '/usr/local/bin/npm',
1 verbose cli   'install',
1 verbose cli   'myglobal',
1 verbose cli   '-g' ]
2 info using npm@3.10.10
3 info using node@v6.11.0
4 silly loadCurrentTree Starting
5 silly install loadCurrentTree
6 silly install readGlobalPackageData
7 silly fetchPackageMetaData myglobal
8 silly fetchOtherPackageData myglobal
9 silly cache add args [ 'myglobal', null ]
10 verbose cache add spec myglobal
11 silly cache add parsed spec Result {
11 silly cache add   raw: 'myglobal',
11 silly cache add   scope: null,
11 silly cache add   escapedName: 'myglobal',
11 silly cache add   name: null,
11 silly cache add   rawSpec: 'myglobal',
11 silly cache add   spec: '/Users/flynn/LectureExample/GeneralNodeStudy/ZWeek/module/myglobal/myglobal',
11 silly cache add   type: 'local' }
12 silly addLocalTarball shasum (computed) 212a5607041c307e4cf49698d4c411125f5b35da
13 verbose addTmpTarball /Users/flynn/LectureExample/GeneralNodeStudy/ZWeek/module/myglobal/myglobal not in flight; adding
14 verbose correctMkdir /Users/flynn/.npm correctMkdir not in flight; initializing
15 verbose addTmpTarball validating metadata from /Users/flynn/LectureExample/GeneralNodeStudy/ZWeek/module/myglobal/myglobal
16 verbose tar unpack /Users/flynn/LectureExample/GeneralNodeStudy/ZWeek/module/myglobal/myglobal
17 verbose tar unpacking to /var/folders/zb/964xhrn51113366qhyz0h0kr0000gn/T/npm-1132-2151429c/unpack-eb02ae18
18 silly gentlyRm /var/folders/zb/964xhrn51113366qhyz0h0kr0000gn/T/npm-1132-2151429c/unpack-eb02ae18 is being purged
19 verbose gentlyRm don't care about contents; nuking /var/folders/zb/964xhrn51113366qhyz0h0kr0000gn/T/npm-1132-2151429c/unpack-eb02ae18
20 silly gunzTarPerm modes [ '755', '644' ]
21 error not a package /Users/flynn/LectureExample/GeneralNodeStudy/ZWeek/module/myglobal/myglobal
22 error addLocal Could not install /Users/flynn/LectureExample/GeneralNodeStudy/ZWeek/module/myglobal/myglobal
23 silly fetchPackageMetaData Error: ENOENT: no such file or directory, open '/var/folders/zb/964xhrn51113366qhyz0h0kr0000gn/T/npm-1132-2151429c/unpack-eb02ae18/package.json'
23 silly fetchPackageMetaData     at Error (native)
23 silly fetchPackageMetaData  error for myglobal { Error: ENOENT: no such file or directory, open '/var/folders/zb/964xhrn51113366qhyz0h0kr0000gn/T/npm-1132-2151429c/unpack-eb02ae18/package.json'
23 silly fetchPackageMetaData     at Error (native)
23 silly fetchPackageMetaData   errno: -2,
23 silly fetchPackageMetaData   code: 'ENOENT',
23 silly fetchPackageMetaData   syscall: 'open',
23 silly fetchPackageMetaData   path: '/var/folders/zb/964xhrn51113366qhyz0h0kr0000gn/T/npm-1132-2151429c/unpack-eb02ae18/package.json' }
24 silly rollbackFailedOptional Starting
25 silly rollbackFailedOptional Finishing
26 silly runTopLevelLifecycles Finishing
27 silly install printInstalled
28 verbose stack Error: ENOENT: no such file or directory, open '/var/folders/zb/964xhrn51113366qhyz0h0kr0000gn/T/npm-1132-2151429c/unpack-eb02ae18/package.json'
28 verbose stack     at Error (native)
29 verbose cwd /Users/flynn/LectureExample/GeneralNodeStudy/ZWeek/module/myglobal
30 error Darwin 16.6.0
31 error argv "/usr/local/bin/node" "/usr/local/bin/npm" "install" "myglobal" "-g"
32 error node v6.11.0
33 error npm  v3.10.10
34 error path /var/folders/zb/964xhrn51113366qhyz0h0kr0000gn/T/npm-1132-2151429c/unpack-eb02ae18/package.json
35 error code ENOENT
36 error errno -2
37 error syscall open
38 error enoent ENOENT: no such file or directory, open '/var/folders/zb/964xhrn51113366qhyz0h0kr0000gn/T/npm-1132-2151429c/unpack-eb02ae18/package.json'
39 error enoent ENOENT: no such file or directory, open '/var/folders/zb/964xhrn51113366qhyz0h0kr0000gn/T/npm-1132-2151429c/unpack-eb02ae18/package.json'
39 error enoent This is most likely not a problem with npm itself
39 error enoent and is related to npm not being able to find a file.
40 verbose exit [ -2, true ]
